<?xml version="1.0" encoding="UTF-8"?>
<!-- Generated by org.testng.reporters.JUnitReportReporter -->
<testsuite skipped="0" hostname="L480-GUPATIL" name="com.guru99bank.web.LoginPageTest" tests="10" failures="0" timestamp="17 Sep 2019 18:55:18 GMT" time="20.344" errors="0">
  <testcase name="validateUserIDRequiredMessage" time="0.147" classname="com.guru99bank.web.LoginPageTest"/>
  <testcase name="validatePasswordRequiredMessage" time="0.111" classname="com.guru99bank.web.LoginPageTest"/>
  <testcase name="validateResetBtn" time="0.435" classname="com.guru99bank.web.LoginPageTest"/>
  <testcase name="verifyInvalidLogin" time="3.075" classname="com.guru99bank.web.LoginPageTest"/>
  <testcase name="verifyInvalidLogin" time="0.821" classname="com.guru99bank.web.LoginPageTest"/>
  <testcase name="verifyInvalidLogin" time="3.478" classname="com.guru99bank.web.LoginPageTest"/>
  <testcase name="verifyInvalidLogin" time="2.797" classname="com.guru99bank.web.LoginPageTest"/>
  <testcase name="verifNullValueLogin" time="2.695" classname="com.guru99bank.web.LoginPageTest"/>
  <testcase name="verifyValidLogin" time="5.156" classname="com.guru99bank.web.LoginPageTest"/>
  <testcase name="verifyLogout" time="1.629" classname="com.guru99bank.web.LoginPageTest"/>
</testsuite> <!-- com.guru99bank.web.LoginPageTest -->
