<?xml version="1.0" encoding="UTF-8"?>
<!-- Generated by org.testng.reporters.JUnitReportReporter -->
<testsuite skipped="0" hostname="L480-GUPATIL" name="com.guru99bank.web.LoginPageTest" tests="4" failures="0" timestamp="02 Sep 2019 10:09:29 GMT" time="12.179" errors="0">
  <testcase name="verifyLogin" time="3.219" classname="com.guru99bank.web.LoginPageTest"/>
  <testcase name="verifyLogin" time="3.512" classname="com.guru99bank.web.LoginPageTest"/>
  <testcase name="verifyLogin" time="4.610" classname="com.guru99bank.web.LoginPageTest"/>
  <testcase name="verifyLogin" time="0.838" classname="com.guru99bank.web.LoginPageTest"/>
</testsuite> <!-- com.guru99bank.web.LoginPageTest -->
