<?xml version="1.0" encoding="UTF-8"?>
<!-- Generated by org.testng.reporters.JUnitReportReporter -->
<testsuite skipped="0" hostname="L480-GUPATIL" name="com.guru99bank.web.LoginPageTest" tests="4" failures="0" timestamp="07 Aug 2019 07:43:28 GMT" time="19.697" errors="0">
  <testcase name="verifyLogin" time="3.067" classname="com.guru99bank.web.LoginPageTest"/>
  <testcase name="verifyLogin" time="1.099" classname="com.guru99bank.web.LoginPageTest"/>
  <testcase name="verifyLogin" time="11.585" classname="com.guru99bank.web.LoginPageTest"/>
  <testcase name="verifyLogin" time="3.946" classname="com.guru99bank.web.LoginPageTest"/>
</testsuite> <!-- com.guru99bank.web.LoginPageTest -->
