<?xml version="1.0" encoding="UTF-8"?>
<!-- Generated by org.testng.reporters.JUnitReportReporter -->
<testsuite skipped="0" hostname="L480-GUPATIL" name="com.guru99bank.web.AddAccountPageTest" tests="1" failures="0" timestamp="09 Aug 2019 13:25:22 GMT" time="8.974" errors="0">
  <testcase name="verifyAddNewAccount" time="8.974" classname="com.guru99bank.web.AddAccountPageTest"/>
</testsuite> <!-- com.guru99bank.web.AddAccountPageTest -->
