<?xml version="1.0" encoding="UTF-8"?>
<!-- Generated by org.testng.reporters.JUnitReportReporter -->
<testsuite skipped="0" hostname="L480-GUPATIL" name="com.guru99bank.web.AddCustomerPageTest" tests="1" failures="0" timestamp="06 Aug 2019 10:47:48 GMT" time="3.162" errors="0">
  <testcase name="verifyAddNewCustomer" time="3.162" classname="com.guru99bank.web.AddCustomerPageTest"/>
</testsuite> <!-- com.guru99bank.web.AddCustomerPageTest -->
